<?xml version="1.0" encoding="UTF-8"?>
<!-- Generated by org.testng.reporters.JUnitReportReporter -->
<testsuite skipped="0" hostname="admin-PC" name="com.automation.testcases.LoginToOrangeHRM" tests="1" failures="0" timestamp="30 Oct 2019 03:44:26 GMT" time="12.041" errors="0">
  <testcase name="loginToHRMtestCaseDemo" time="12.041" classname="com.automation.testcases.LoginToOrangeHRM"/>
</testsuite> <!-- com.automation.testcases.LoginToOrangeHRM -->
